<?xml version="1.0" encoding="UTF-8"?>
<testsuite name="com.tistory.katfun.crud.domain.posts.PostsRepositoryTest" tests="1" skipped="0" failures="0" errors="0" timestamp="2022-02-16T14:30:51" hostname="KUYHOS-DESKTOP" time="0.469">
  <properties/>
  <testcase name="게시글저장_불러오기()" classname="com.tistory.katfun.crud.domain.posts.PostsRepositoryTest" time="0.469"/>
  <system-out><![CDATA[23:30:47.026 [Test worker] DEBUG org.springframework.test.context.BootstrapUtils - Instantiating CacheAwareContextLoaderDelegate from class [org.springframework.test.context.cache.DefaultCacheAwareContextLoaderDelegate]
23:30:47.038 [Test worker] DEBUG org.springframework.test.context.BootstrapUtils - Instantiating BootstrapContext using constructor [public org.springframework.test.context.support.DefaultBootstrapContext(java.lang.Class,org.springframework.test.context.CacheAwareContextLoaderDelegate)]
23:30:47.074 [Test worker] DEBUG org.springframework.test.context.BootstrapUtils - Instantiating TestContextBootstrapper for test class [com.tistory.katfun.crud.domain.posts.PostsRepositoryTest] from class [org.springframework.boot.test.context.SpringBootTestContextBootstrapper]
23:30:47.084 [Test worker] INFO org.springframework.boot.test.context.SpringBootTestContextBootstrapper - Neither @ContextConfiguration nor @ContextHierarchy found for test class [com.tistory.katfun.crud.domain.posts.PostsRepositoryTest], using SpringBootContextLoader
23:30:47.089 [Test worker] DEBUG org.springframework.test.context.support.AbstractContextLoader - Did not detect default resource location for test class [com.tistory.katfun.crud.domain.posts.PostsRepositoryTest]: class path resource [com/tistory/katfun/crud/domain/posts/PostsRepositoryTest-context.xml] does not exist
23:30:47.090 [Test worker] DEBUG org.springframework.test.context.support.AbstractContextLoader - Did not detect default resource location for test class [com.tistory.katfun.crud.domain.posts.PostsRepositoryTest]: class path resource [com/tistory/katfun/crud/domain/posts/PostsRepositoryTestContext.groovy] does not exist
23:30:47.090 [Test worker] INFO org.springframework.test.context.support.AbstractContextLoader - Could not detect default resource locations for test class [com.tistory.katfun.crud.domain.posts.PostsRepositoryTest]: no resource found for suffixes {-context.xml, Context.groovy}.
23:30:47.091 [Test worker] INFO org.springframework.test.context.support.AnnotationConfigContextLoaderUtils - Could not detect default configuration classes for test class [com.tistory.katfun.crud.domain.posts.PostsRepositoryTest]: PostsRepositoryTest does not declare any static, non-private, non-final, nested classes annotated with @Configuration.
23:30:47.140 [Test worker] DEBUG org.springframework.test.context.support.ActiveProfilesUtils - Could not find an 'annotation declaring class' for annotation type [org.springframework.test.context.ActiveProfiles] and class [com.tistory.katfun.crud.domain.posts.PostsRepositoryTest]
23:30:47.217 [Test worker] DEBUG org.springframework.context.annotation.ClassPathScanningCandidateComponentProvider - Identified candidate component class: file [C:\Users\정규호\IdeaProjects\crud_web_bulletinboard\build\classes\java\main\com\tistory\katfun\crud\Application.class]
23:30:47.220 [Test worker] INFO org.springframework.boot.test.context.SpringBootTestContextBootstrapper - Found @SpringBootConfiguration com.tistory.katfun.crud.Application for test class com.tistory.katfun.crud.domain.posts.PostsRepositoryTest
23:30:47.344 [Test worker] DEBUG org.springframework.boot.test.context.SpringBootTestContextBootstrapper - @TestExecutionListeners is not present for class [com.tistory.katfun.crud.domain.posts.PostsRepositoryTest]: using defaults.
23:30:47.345 [Test worker] INFO org.springframework.boot.test.context.SpringBootTestContextBootstrapper - Loaded default TestExecutionListener class names from location [META-INF/spring.factories]: [org.springframework.boot.test.autoconfigure.restdocs.RestDocsTestExecutionListener, org.springframework.boot.test.autoconfigure.web.client.MockRestServiceServerResetTestExecutionListener, org.springframework.boot.test.autoconfigure.web.servlet.MockMvcPrintOnlyOnFailureTestExecutionListener, org.springframework.boot.test.autoconfigure.web.servlet.WebDriverTestExecutionListener, org.springframework.boot.test.autoconfigure.webservices.client.MockWebServiceServerTestExecutionListener, org.springframework.boot.test.mock.mockito.MockitoTestExecutionListener, org.springframework.boot.test.mock.mockito.ResetMocksTestExecutionListener, org.springframework.test.context.web.ServletTestExecutionListener, org.springframework.test.context.support.DirtiesContextBeforeModesTestExecutionListener, org.springframework.test.context.event.ApplicationEventsTestExecutionListener, org.springframework.test.context.support.DependencyInjectionTestExecutionListener, org.springframework.test.context.support.DirtiesContextTestExecutionListener, org.springframework.test.context.transaction.TransactionalTestExecutionListener, org.springframework.test.context.jdbc.SqlScriptsTestExecutionListener, org.springframework.test.context.event.EventPublishingTestExecutionListener]
23:30:47.364 [Test worker] INFO org.springframework.boot.test.context.SpringBootTestContextBootstrapper - Using TestExecutionListeners: [org.springframework.test.context.web.ServletTestExecutionListener@24850e8, org.springframework.test.context.support.DirtiesContextBeforeModesTestExecutionListener@43d6bd9e, org.springframework.test.context.event.ApplicationEventsTestExecutionListener@3b9c2080, org.springframework.boot.test.mock.mockito.MockitoTestExecutionListener@2c83a601, org.springframework.boot.test.autoconfigure.SpringBootDependencyInjectionTestExecutionListener@6c8c6c69, org.springframework.test.context.support.DirtiesContextTestExecutionListener@1ac0162b, org.springframework.test.context.transaction.TransactionalTestExecutionListener@4082add3, org.springframework.test.context.jdbc.SqlScriptsTestExecutionListener@7180a86c, org.springframework.test.context.event.EventPublishingTestExecutionListener@7e606d11, org.springframework.boot.test.autoconfigure.restdocs.RestDocsTestExecutionListener@640b5db8, org.springframework.boot.test.autoconfigure.web.client.MockRestServiceServerResetTestExecutionListener@313288df, org.springframework.boot.test.autoconfigure.web.servlet.MockMvcPrintOnlyOnFailureTestExecutionListener@4585955d, org.springframework.boot.test.autoconfigure.web.servlet.WebDriverTestExecutionListener@38f06019, org.springframework.boot.test.autoconfigure.webservices.client.MockWebServiceServerTestExecutionListener@6280c22, org.springframework.boot.test.mock.mockito.ResetMocksTestExecutionListener@23791848]
23:30:47.368 [Test worker] DEBUG org.springframework.test.context.support.AbstractDirtiesContextTestExecutionListener - Before test class: context [DefaultTestContext@1b429963 testClass = PostsRepositoryTest, testInstance = [null], testMethod = [null], testException = [null], mergedContextConfiguration = [WebMergedContextConfiguration@2479e59b testClass = PostsRepositoryTest, locations = '{}', classes = '{class com.tistory.katfun.crud.Application}', contextInitializerClasses = '[]', activeProfiles = '{}', propertySourceLocations = '{}', propertySourceProperties = '{org.springframework.boot.test.context.SpringBootTestContextBootstrapper=true}', contextCustomizers = set[org.springframework.boot.test.autoconfigure.actuate.metrics.MetricsExportContextCustomizerFactory$DisableMetricExportContextCustomizer@481b92f4, org.springframework.boot.test.autoconfigure.properties.PropertyMappingContextCustomizer@0, org.springframework.boot.test.autoconfigure.web.servlet.WebDriverContextCustomizerFactory$Customizer@1b8dc114, org.springframework.boot.test.context.filter.ExcludeFilterContextCustomizer@265fec3b, org.springframework.boot.test.json.DuplicateJsonObjectContextCustomizerFactory$DuplicateJsonObjectContextCustomizer@20e3b693, org.springframework.boot.test.mock.mockito.MockitoContextCustomizer@0, org.springframework.boot.test.web.client.TestRestTemplateContextCustomizer@5a416fbb, org.springframework.boot.test.context.SpringBootTestArgs@1, org.springframework.boot.test.context.SpringBootTestWebEnvironment@7d245d0e], resourceBasePath = 'src/main/webapp', contextLoader = 'org.springframework.boot.test.context.SpringBootContextLoader', parent = [null]], attributes = map['org.springframework.test.context.web.ServletTestExecutionListener.activateListener' -> true]], class annotated with @DirtiesContext [false] with mode [null].

  .   ____          _            __ _ _
 /\\ / ___'_ __ _ _(_)_ __  __ _ \ \ \ \
( ( )\___ | '_ | '_| | '_ \/ _` | \ \ \ \
 \\/  ___)| |_)| | | | | || (_| |  ) ) ) )
  '  |____| .__|_| |_|_| |_\__, | / / / /
 =========|_|==============|___/=/_/_/_/
 :: Spring Boot ::                (v2.6.3)

2022-02-16 23:30:47.717  INFO 14604 --- [    Test worker] c.t.k.c.d.posts.PostsRepositoryTest      : Starting PostsRepositoryTest using Java 15.0.2 on Kuyhos-Desktop with PID 14604 (started by 정규호 in C:\Users\정규호\IdeaProjects\crud_web_bulletinboard)
2022-02-16 23:30:47.718  INFO 14604 --- [    Test worker] c.t.k.c.d.posts.PostsRepositoryTest      : No active profile set, falling back to default profiles: default
2022-02-16 23:30:48.428  INFO 14604 --- [    Test worker] .s.d.r.c.RepositoryConfigurationDelegate : Bootstrapping Spring Data JPA repositories in DEFAULT mode.
2022-02-16 23:30:48.483  INFO 14604 --- [    Test worker] .s.d.r.c.RepositoryConfigurationDelegate : Finished Spring Data repository scanning in 46 ms. Found 1 JPA repository interfaces.
2022-02-16 23:30:49.020  INFO 14604 --- [    Test worker] com.zaxxer.hikari.HikariDataSource       : HikariPool-1 - Starting...
2022-02-16 23:30:49.197  INFO 14604 --- [    Test worker] com.zaxxer.hikari.HikariDataSource       : HikariPool-1 - Start completed.
2022-02-16 23:30:49.272  INFO 14604 --- [    Test worker] o.hibernate.jpa.internal.util.LogHelper  : HHH000204: Processing PersistenceUnitInfo [name: default]
2022-02-16 23:30:49.342  INFO 14604 --- [    Test worker] org.hibernate.Version                    : HHH000412: Hibernate ORM core version 5.6.4.Final
2022-02-16 23:30:49.540  INFO 14604 --- [    Test worker] o.hibernate.annotations.common.Version   : HCANN000001: Hibernate Commons Annotations {5.1.2.Final}
2022-02-16 23:30:49.710  INFO 14604 --- [    Test worker] org.hibernate.dialect.Dialect            : HHH000400: Using dialect: org.hibernate.dialect.H2Dialect
2022-02-16 23:30:50.373  INFO 14604 --- [    Test worker] o.h.e.t.j.p.i.JtaPlatformInitiator       : HHH000490: Using JtaPlatform implementation: [org.hibernate.engine.transaction.jta.platform.internal.NoJtaPlatform]
2022-02-16 23:30:50.383  INFO 14604 --- [    Test worker] j.LocalContainerEntityManagerFactoryBean : Initialized JPA EntityManagerFactory for persistence unit 'default'
2022-02-16 23:30:50.645  WARN 14604 --- [    Test worker] JpaBaseConfiguration$JpaWebConfiguration : spring.jpa.open-in-view is enabled by default. Therefore, database queries may be performed during view rendering. Explicitly configure spring.jpa.open-in-view to disable this warning
2022-02-16 23:30:51.827  INFO 14604 --- [    Test worker] c.t.k.c.d.posts.PostsRepositoryTest      : Started PostsRepositoryTest in 4.41 seconds (JVM running for 5.729)
]]></system-out>
  <system-err><![CDATA[]]></system-err>
</testsuite>
